<?xml version="1.0" encoding="UTF-8"?>
<testng-results skipped="0" failed="0" ignored="0" total="1" passed="1">
  <reporter-output>
  </reporter-output>
  <suite name="Suite" duration-ms="14869" started-at="2022-03-03T17:17:08 IST" finished-at="2022-03-03T17:17:23 IST">
    <groups>
    </groups>
    <test name="Test" duration-ms="14869" started-at="2022-03-03T17:17:08 IST" finished-at="2022-03-03T17:17:23 IST">
      <class name="homePage.HomePageTest">
        <test-method status="PASS" signature="beforeHomePage()[pri:0, instance:homePage.HomePageTest@4d3167f4]" name="beforeHomePage" is-config="true" duration-ms="14202" started-at="2022-03-03T17:17:08 IST" finished-at="2022-03-03T17:17:22 IST">
          <reporter-output>
          </reporter-output>
        </test-method> <!-- beforeHomePage -->
        <test-method status="PASS" signature="HomePageLoad()[pri:0, instance:homePage.HomePageTest@4d3167f4]" name="HomePageLoad" duration-ms="241" started-at="2022-03-03T17:17:22 IST" finished-at="2022-03-03T17:17:23 IST">
          <reporter-output>
          </reporter-output>
        </test-method> <!-- HomePageLoad -->
        <test-method status="PASS" signature="afterHomePage()[pri:0, instance:homePage.HomePageTest@4d3167f4]" name="afterHomePage" is-config="true" duration-ms="349" started-at="2022-03-03T17:17:23 IST" finished-at="2022-03-03T17:17:23 IST">
          <reporter-output>
          </reporter-output>
        </test-method> <!-- afterHomePage -->
      </class> <!-- homePage.HomePageTest -->
    </test> <!-- Test -->
  </suite> <!-- Suite -->
</testng-results>
